
*** Running vivado
    with args -log stopwatch_topmodule.vds -m64 -product Vivado -mode batch -messageDb vivado.pb -notrace -source stopwatch_topmodule.tcl


ECHO is off.
ECHO is off.

****** Vivado v2023.2 (64-bit)
  **** SW Build 4029153 on Fri Oct 13 20:14:34 MDT 2023
  **** IP Build 4028589 on Sat Oct 14 00:45:43 MDT 2023
  **** SharedData Build 4025554 on Tue Oct 10 17:18:54 MDT 2023
    ** Copyright 1986-2022 Xilinx, Inc. All Rights Reserved.
    ** Copyright 2022-2023 Advanced Micro Devices, Inc. All Rights Reserved.

source stopwatch_topmodule.tcl -notrace
create_project: Time (s): cpu = 00:00:05 ; elapsed = 00:00:07 . Memory (MB): peak = 464.375 ; gain = 184.812
Command: read_checkpoint -auto_incremental -incremental C:/Abba/stopwatch/stopwatch.srcs/utils_1/imports/synth_1/stopwatch_topmodule.dcp
INFO: [Vivado 12-5825] Read reference checkpoint from C:/Abba/stopwatch/stopwatch.srcs/utils_1/imports/synth_1/stopwatch_topmodule.dcp for incremental synthesis
INFO: [Vivado 12-7989] Please ensure there are no constraint changes
Command: synth_design -top stopwatch_topmodule -part xc7a100tcsg324-1
Starting synth_design
Attempting to get a license for feature 'Synthesis' and/or device 'xc7a100t'
INFO: [Common 17-349] Got license for feature 'Synthesis' and/or device 'xc7a100t'
INFO: [Device 21-403] Loading part xc7a100tcsg324-1
INFO: [Designutils 20-5440] No compile time benefit to using incremental synthesis; A full resynthesis will be run
INFO: [Designutils 20-4379] Flow is switching to default flow due to incremental criteria not met. If you would like to alter this behaviour and have the flow terminate instead, please set the following parameter config_implementation {autoIncr.Synth.RejectBehavior Terminate}
INFO: [Synth 8-7079] Multithreading enabled for synth_design using a maximum of 2 processes.
INFO: [Synth 8-7078] Launching helper process for spawning children vivado processes
INFO: [Synth 8-7075] Helper process launched with PID 27836
---------------------------------------------------------------------------------
Starting RTL Elaboration : Time (s): cpu = 00:00:04 ; elapsed = 00:00:06 . Memory (MB): peak = 1316.453 ; gain = 439.844
---------------------------------------------------------------------------------
INFO: [Synth 8-6157] synthesizing module 'stopwatch_topmodule' [C:/Abba/stopwatch/stopwatch.srcs/sources_1/imports/stopwatch/stopwatch.v:144]
INFO: [Synth 8-6157] synthesizing module 'clock_divider' [C:/Abba/stopwatch/stopwatch.srcs/sources_1/imports/stopwatch/stopwatch.v:24]
INFO: [Synth 8-6155] done synthesizing module 'clock_divider' (0#1) [C:/Abba/stopwatch/stopwatch.srcs/sources_1/imports/stopwatch/stopwatch.v:24]
INFO: [Synth 8-6157] synthesizing module 'debouncer' [C:/Abba/stopwatch/stopwatch.srcs/sources_1/imports/stopwatch/stopwatch.v:1]
INFO: [Synth 8-6155] done synthesizing module 'debouncer' (0#1) [C:/Abba/stopwatch/stopwatch.srcs/sources_1/imports/stopwatch/stopwatch.v:1]
INFO: [Synth 8-6157] synthesizing module 'stopwatch' [C:/Abba/stopwatch/stopwatch.srcs/sources_1/imports/stopwatch/stopwatch.v:61]
INFO: [Synth 8-6155] done synthesizing module 'stopwatch' (0#1) [C:/Abba/stopwatch/stopwatch.srcs/sources_1/imports/stopwatch/stopwatch.v:61]
INFO: [Synth 8-6157] synthesizing module 'seven_seg_display' [C:/Abba/stopwatch/stopwatch.srcs/sources_1/imports/stopwatch/stopwatch.v:102]
INFO: [Synth 8-6155] done synthesizing module 'seven_seg_display' (0#1) [C:/Abba/stopwatch/stopwatch.srcs/sources_1/imports/stopwatch/stopwatch.v:102]
INFO: [Synth 8-6155] done synthesizing module 'stopwatch_topmodule' (0#1) [C:/Abba/stopwatch/stopwatch.srcs/sources_1/imports/stopwatch/stopwatch.v:144]
WARNING: [Synth 8-7129] Port digit1[3] in module seven_seg_display is either unconnected or has no load
WARNING: [Synth 8-7129] Port digit1[2] in module seven_seg_display is either unconnected or has no load
WARNING: [Synth 8-7129] Port digit1[1] in module seven_seg_display is either unconnected or has no load
WARNING: [Synth 8-7129] Port digit1[0] in module seven_seg_display is either unconnected or has no load
WARNING: [Synth 8-7129] Port clk_1hz in module stopwatch is either unconnected or has no load
---------------------------------------------------------------------------------
Finished RTL Elaboration : Time (s): cpu = 00:00:06 ; elapsed = 00:00:08 . Memory (MB): peak = 1424.559 ; gain = 547.949
---------------------------------------------------------------------------------
---------------------------------------------------------------------------------
Start Handling Custom Attributes
---------------------------------------------------------------------------------
---------------------------------------------------------------------------------
Finished Handling Custom Attributes : Time (s): cpu = 00:00:06 ; elapsed = 00:00:08 . Memory (MB): peak = 1424.559 ; gain = 547.949
---------------------------------------------------------------------------------
---------------------------------------------------------------------------------
Finished RTL Optimization Phase 1 : Time (s): cpu = 00:00:06 ; elapsed = 00:00:09 . Memory (MB): peak = 1424.559 ; gain = 547.949
---------------------------------------------------------------------------------
Netlist sorting complete. Time (s): cpu = 00:00:00 ; elapsed = 00:00:00.003 . Memory (MB): peak = 1424.559 ; gain = 0.000
INFO: [Project 1-570] Preparing netlist for logic optimization

Processing XDC Constraints
Initializing timing engine
Parsing XDC File [C:/Abba/stopwatch/stopwatch.srcs/constrs_1/new/stopwatch.xdc]
Finished Parsing XDC File [C:/Abba/stopwatch/stopwatch.srcs/constrs_1/new/stopwatch.xdc]
INFO: [Project 1-236] Implementation specific constraints were found while reading constraint file [C:/Abba/stopwatch/stopwatch.srcs/constrs_1/new/stopwatch.xdc]. These constraints will be ignored for synthesis but will be used in implementation. Impacted constraints are listed in the file [.Xil/stopwatch_topmodule_propImpl.xdc].
Resolution: To avoid this warning, move constraints listed in [.Xil/stopwatch_topmodule_propImpl.xdc] to another XDC file and exclude this new file from synthesis with the used_in_synthesis property (File Properties dialog in GUI) and re-run elaboration/synthesis.
Completed Processing XDC Constraints

Netlist sorting complete. Time (s): cpu = 00:00:00 ; elapsed = 00:00:00 . Memory (MB): peak = 1532.512 ; gain = 0.000
INFO: [Project 1-111] Unisim Transformation Summary:
No Unisim elements were transformed.

The system cannot find the path specified.
Constraint Validation Runtime : Time (s): cpu = 00:00:00 ; elapsed = 00:00:00.003 . Memory (MB): peak = 1532.512 ; gain = 0.000
INFO: [Designutils 20-5440] No compile time benefit to using incremental synthesis; A full resynthesis will be run
INFO: [Designutils 20-4379] Flow is switching to default flow due to incremental criteria not met. If you would like to alter this behaviour and have the flow terminate instead, please set the following parameter config_implementation {autoIncr.Synth.RejectBehavior Terminate}
---------------------------------------------------------------------------------
Finished Constraint Validation : Time (s): cpu = 00:00:11 ; elapsed = 00:00:17 . Memory (MB): peak = 1532.512 ; gain = 655.902
---------------------------------------------------------------------------------
---------------------------------------------------------------------------------
Start Loading Part and Timing Information
---------------------------------------------------------------------------------
Loading part: xc7a100tcsg324-1
---------------------------------------------------------------------------------
Finished Loading Part and Timing Information : Time (s): cpu = 00:00:11 ; elapsed = 00:00:17 . Memory (MB): peak = 1532.512 ; gain = 655.902
---------------------------------------------------------------------------------
---------------------------------------------------------------------------------
Start Applying 'set_property' XDC Constraints
---------------------------------------------------------------------------------
---------------------------------------------------------------------------------
Finished applying 'set_property' XDC Constraints : Time (s): cpu = 00:00:11 ; elapsed = 00:00:17 . Memory (MB): peak = 1532.512 ; gain = 655.902
---------------------------------------------------------------------------------
---------------------------------------------------------------------------------
Finished RTL Optimization Phase 2 : Time (s): cpu = 00:00:11 ; elapsed = 00:00:17 . Memory (MB): peak = 1532.512 ; gain = 655.902
---------------------------------------------------------------------------------
---------------------------------------------------------------------------------
Start RTL Component Statistics 
---------------------------------------------------------------------------------
Detailed RTL Component Info : 
+---Adders : 
	   2 Input   26 Bit       Adders := 1     
	   2 Input   23 Bit       Adders := 1     
	   2 Input    4 Bit       Adders := 3     
	   2 Input    2 Bit       Adders := 1     
+---Registers : 
	               27 Bit    Registers := 2     
	                7 Bit    Registers := 1     
	                4 Bit    Registers := 4     
	                2 Bit    Registers := 1     
	                1 Bit    Registers := 7     
+---Muxes : 
	   2 Input   26 Bit        Muxes := 1     
	   2 Input   23 Bit        Muxes := 2     
	  13 Input    7 Bit        Muxes := 1     
	   2 Input    4 Bit        Muxes := 4     
	   4 Input    4 Bit        Muxes := 1     
	   2 Input    1 Bit        Muxes := 10    
	   4 Input    1 Bit        Muxes := 1     
---------------------------------------------------------------------------------
Finished RTL Component Statistics 
---------------------------------------------------------------------------------
---------------------------------------------------------------------------------
Start Part Resource Summary
---------------------------------------------------------------------------------
Part Resources:
DSPs: 240 (col length:80)
BRAMs: 270 (col length: RAMB18 80 RAMB36 40)
---------------------------------------------------------------------------------
Finished Part Resource Summary
---------------------------------------------------------------------------------
---------------------------------------------------------------------------------
Start Cross Boundary and Area Optimization
---------------------------------------------------------------------------------
WARNING: [Synth 8-7080] Parallel synthesis criteria is not met
---------------------------------------------------------------------------------
Finished Cross Boundary and Area Optimization : Time (s): cpu = 00:00:13 ; elapsed = 00:00:20 . Memory (MB): peak = 1532.512 ; gain = 655.902
---------------------------------------------------------------------------------
---------------------------------------------------------------------------------
Start Applying XDC Timing Constraints
---------------------------------------------------------------------------------
---------------------------------------------------------------------------------
Finished Applying XDC Timing Constraints : Time (s): cpu = 00:00:17 ; elapsed = 00:00:25 . Memory (MB): peak = 1532.512 ; gain = 655.902
---------------------------------------------------------------------------------
---------------------------------------------------------------------------------
Start Timing Optimization
---------------------------------------------------------------------------------
---------------------------------------------------------------------------------
Finished Timing Optimization : Time (s): cpu = 00:00:17 ; elapsed = 00:00:25 . Memory (MB): peak = 1532.512 ; gain = 655.902
---------------------------------------------------------------------------------
---------------------------------------------------------------------------------
Start Technology Mapping
---------------------------------------------------------------------------------
---------------------------------------------------------------------------------
Finished Technology Mapping : Time (s): cpu = 00:00:17 ; elapsed = 00:00:25 . Memory (MB): peak = 1532.512 ; gain = 655.902
---------------------------------------------------------------------------------
---------------------------------------------------------------------------------
Start IO Insertion
---------------------------------------------------------------------------------
---------------------------------------------------------------------------------
Start Flattening Before IO Insertion
---------------------------------------------------------------------------------
---------------------------------------------------------------------------------
Finished Flattening Before IO Insertion
---------------------------------------------------------------------------------
---------------------------------------------------------------------------------
Start Final Netlist Cleanup
---------------------------------------------------------------------------------
---------------------------------------------------------------------------------
Finished Final Netlist Cleanup
---------------------------------------------------------------------------------
---------------------------------------------------------------------------------
Finished IO Insertion : Time (s): cpu = 00:00:20 ; elapsed = 00:00:30 . Memory (MB): peak = 1532.512 ; gain = 655.902
---------------------------------------------------------------------------------
---------------------------------------------------------------------------------
Start Renaming Generated Instances
---------------------------------------------------------------------------------
---------------------------------------------------------------------------------
Finished Renaming Generated Instances : Time (s): cpu = 00:00:20 ; elapsed = 00:00:30 . Memory (MB): peak = 1532.512 ; gain = 655.902
---------------------------------------------------------------------------------
---------------------------------------------------------------------------------
Start Rebuilding User Hierarchy
---------------------------------------------------------------------------------
---------------------------------------------------------------------------------
Finished Rebuilding User Hierarchy : Time (s): cpu = 00:00:20 ; elapsed = 00:00:30 . Memory (MB): peak = 1532.512 ; gain = 655.902
---------------------------------------------------------------------------------
---------------------------------------------------------------------------------
Start Renaming Generated Ports
---------------------------------------------------------------------------------
---------------------------------------------------------------------------------
Finished Renaming Generated Ports : Time (s): cpu = 00:00:20 ; elapsed = 00:00:30 . Memory (MB): peak = 1532.512 ; gain = 655.902
---------------------------------------------------------------------------------
---------------------------------------------------------------------------------
Start Handling Custom Attributes
---------------------------------------------------------------------------------
---------------------------------------------------------------------------------
Finished Handling Custom Attributes : Time (s): cpu = 00:00:20 ; elapsed = 00:00:30 . Memory (MB): peak = 1532.512 ; gain = 655.902
---------------------------------------------------------------------------------
---------------------------------------------------------------------------------
Start Renaming Generated Nets
---------------------------------------------------------------------------------
---------------------------------------------------------------------------------
Finished Renaming Generated Nets : Time (s): cpu = 00:00:20 ; elapsed = 00:00:30 . Memory (MB): peak = 1532.512 ; gain = 655.902
---------------------------------------------------------------------------------
---------------------------------------------------------------------------------
Start Writing Synthesis Report
---------------------------------------------------------------------------------

Report BlackBoxes: 
+-+--------------+----------+
| |BlackBox name |Instances |
+-+--------------+----------+
+-+--------------+----------+

Report Cell Usage: 
+------+-------+------+
|      |Cell   |Count |
+------+-------+------+
|1     |BUFG   |     1|
|2     |CARRY4 |    20|
|3     |LUT1   |     7|
|4     |LUT2   |     9|
|5     |LUT3   |     8|
|6     |LUT4   |     9|
|7     |LUT5   |     4|
|8     |LUT6   |    46|
|9     |FDCE   |    32|
|10    |FDRE   |    66|
|11    |FDSE   |     7|
|12    |IBUF   |     3|
|13    |OBUF   |    12|
+------+-------+------+
---------------------------------------------------------------------------------
Finished Writing Synthesis Report : Time (s): cpu = 00:00:20 ; elapsed = 00:00:30 . Memory (MB): peak = 1532.512 ; gain = 655.902
---------------------------------------------------------------------------------
Synthesis finished with 0 errors, 0 critical warnings and 1 warnings.
Synthesis Optimization Runtime : Time (s): cpu = 00:00:13 ; elapsed = 00:00:28 . Memory (MB): peak = 1532.512 ; gain = 547.949
Synthesis Optimization Complete : Time (s): cpu = 00:00:20 ; elapsed = 00:00:30 . Memory (MB): peak = 1532.512 ; gain = 655.902
INFO: [Project 1-571] Translating synthesized netlist
Netlist sorting complete. Time (s): cpu = 00:00:00 ; elapsed = 00:00:00.002 . Memory (MB): peak = 1532.512 ; gain = 0.000
INFO: [Netlist 29-17] Analyzing 20 Unisim elements for replacement
INFO: [Netlist 29-28] Unisim Transformation completed in 0 CPU seconds
INFO: [Project 1-570] Preparing netlist for logic optimization
INFO: [Opt 31-138] Pushed 0 inverter(s) to 0 load pin(s).
Netlist sorting complete. Time (s): cpu = 00:00:00 ; elapsed = 00:00:00 . Memory (MB): peak = 1532.512 ; gain = 0.000
INFO: [Project 1-111] Unisim Transformation Summary:
No Unisim elements were transformed.

The system cannot find the path specified.
Synth Design complete | Checksum: 8aa61683
INFO: [Common 17-83] Releasing license: Synthesis
31 Infos, 6 Warnings, 0 Critical Warnings and 0 Errors encountered.
synth_design completed successfully
synth_design: Time (s): cpu = 00:00:23 ; elapsed = 00:00:36 . Memory (MB): peak = 1532.512 ; gain = 1064.156
Write ShapeDB Complete: Time (s): cpu = 00:00:00 ; elapsed = 00:00:00.002 . Memory (MB): peak = 1532.512 ; gain = 0.000
INFO: [Common 17-1381] The checkpoint 'C:/Abba/stopwatch/stopwatch.runs/synth_1/stopwatch_topmodule.dcp' has been generated.
INFO: [runtcl-4] Executing : report_utilization -file stopwatch_topmodule_utilization_synth.rpt -pb stopwatch_topmodule_utilization_synth.pb
INFO: [Common 17-206] Exiting Vivado at Mon Mar 17 02:16:20 2025...
