Copyright 1986-2022 Xilinx, Inc. All Rights Reserved. Copyright 2022-2023 Advanced Micro Devices, Inc. All Rights Reserved.
---------------------------------------------------------------------------------------------------------------------------------------------
| Tool Version : Vivado v.2023.2 (win64) Build 4029153 Fri Oct 13 20:14:34 MDT 2023
| Date         : Mon Mar 17 00:43:25 2025
| Host         : Ibukun running 64-bit major release  (build 9200)
| Command      : report_control_sets -verbose -file stopwatch_topmodule_control_sets_placed.rpt
| Design       : stopwatch_topmodule
| Device       : xc7a100t
---------------------------------------------------------------------------------------------------------------------------------------------

Control Set Information

Table of Contents
-----------------
1. Summary
2. Histogram
3. Flip-Flop Distribution
4. Detailed Control Set Information

1. Summary
----------

+----------------------------------------------------------+-------+
|                          Status                          | Count |
+----------------------------------------------------------+-------+
| Total control sets                                       |     7 |
|    Minimum number of control sets                        |     7 |
|    Addition due to synthesis replication                 |     0 |
|    Addition due to physical synthesis replication        |     0 |
| Unused register locations in slices containing registers |    22 |
+----------------------------------------------------------+-------+
* Control sets can be merged at opt_design using control_set_merge or merge_equivalent_drivers
** Run report_qor_suggestions for automated merging and remapping suggestions


2. Histogram
------------

+--------------------+-------+
|       Fanout       | Count |
+--------------------+-------+
| Total control sets |     7 |
| >= 0 to < 4        |     1 |
| >= 4 to < 6        |     3 |
| >= 6 to < 8        |     2 |
| >= 8 to < 10       |     0 |
| >= 10 to < 12      |     0 |
| >= 12 to < 14      |     0 |
| >= 14 to < 16      |     0 |
| >= 16              |     1 |
+--------------------+-------+
* Control sets can be remapped at either synth_design or opt_design


3. Flip-Flop Distribution
-------------------------

+--------------+-----------------------+------------------------+-----------------+--------------+
| Clock Enable | Synchronous Set/Reset | Asynchronous Set/Reset | Total Registers | Total Slices |
+--------------+-----------------------+------------------------+-----------------+--------------+
| No           | No                    | No                     |               7 |            5 |
| No           | No                    | Yes                    |              24 |           12 |
| No           | Yes                   | No                     |               7 |            4 |
| Yes          | No                    | No                     |               0 |            0 |
| Yes          | No                    | Yes                    |              12 |            6 |
| Yes          | Yes                   | No                     |               0 |            0 |
+--------------+-----------------------+------------------------+-----------------+--------------+


4. Detailed Control Set Information
-----------------------------------

+-----------------------+------------------------+--------------------+------------------+----------------+--------------+
|      Clock Signal     |      Enable Signal     |  Set/Reset Signal  | Slice Load Count | Bel Load Count | Bels / Slice |
+-----------------------+------------------------+--------------------+------------------+----------------+--------------+
|  start_stop_IBUF_BUFG |                        |                    |                1 |              1 |         1.00 |
|  clk_div/CLK          | sw/running             | reset_IBUF         |                2 |              4 |         2.00 |
|  clk_div/CLK          | sw/sec_tens[3]_i_1_n_0 | reset_IBUF         |                2 |              4 |         2.00 |
|  clk_div/CLK          | sw/sec_ones[3]_i_1_n_0 | reset_IBUF         |                2 |              4 |         2.00 |
|  clk_IBUF_BUFG        |                        |                    |                4 |              6 |         1.50 |
|  clk_IBUF_BUFG        |                        | ssd/seg[6]_i_1_n_0 |                4 |              7 |         1.75 |
|  clk_IBUF_BUFG        |                        | reset_IBUF         |               12 |             24 |         2.00 |
+-----------------------+------------------------+--------------------+------------------+----------------+--------------+


